Thu Mar 19 09:19:32 2026       
+-----------------------------------------------------------------------------------------+
| NVIDIA-SMI 570.195.03             Driver Version: 570.195.03     CUDA Version: 12.8     |
|-----------------------------------------+------------------------+----------------------+
| GPU  Name                 Persistence-M | Bus-Id          Disp.A | Volatile Uncorr. ECC |
| Fan  Temp   Perf          Pwr:Usage/Cap |           Memory-Usage | GPU-Util  Compute M. |
|                                         |                        |               MIG M. |
|=========================================+========================+======================|
|   0  NVIDIA RTX PRO 6000 Blac...    Off |   00000000:D6:00.0 Off |                    0 |
| N/A   28C    P8             33W /  600W |       0MiB /  97887MiB |      0%      Default |
|                                         |                        |             Disabled |
+-----------------------------------------+------------------------+----------------------+
                                                                                         
+-----------------------------------------------------------------------------------------+
| Processes:                                                                              |
|  GPU   GI   CI              PID   Type   Process name                        GPU Memory |
|        ID   ID                                                               Usage      |
|=========================================================================================|
|  No running processes found                                                             |
+-----------------------------------------------------------------------------------------+
cuda available: True
device count: 1
[slurm] running task_id=2 of 36
All random seeds set to 51 for reproducibility
Model not found. Training...
All random seeds set to 51 for reproducibility
All random seeds set to 51 for reproducibility
{'loss': '0.687', 'grad_norm': '4.125', 'learning_rate': '1.938e-05', 'epoch': '0.1266'}
{'eval_loss': '0.6312', 'eval_macro-F1': '0.6043', 'eval_runtime': '0.4592', 'eval_samples_per_second': '803.6', 'eval_steps_per_second': '102.4', 'epoch': '0.1266'}
{'loss': '0.4905', 'grad_norm': '18.33', 'learning_rate': '1.875e-05', 'epoch': '0.2532'}
{'eval_loss': '0.8275', 'eval_macro-F1': '0.5991', 'eval_runtime': '0.4512', 'eval_samples_per_second': '817.9', 'eval_steps_per_second': '104.2', 'epoch': '0.2532'}
{'loss': '0.5173', 'grad_norm': '5.357', 'learning_rate': '1.811e-05', 'epoch': '0.3797'}
{'eval_loss': '0.5703', 'eval_macro-F1': '0.721', 'eval_runtime': '0.4496', 'eval_samples_per_second': '820.7', 'eval_steps_per_second': '104.5', 'epoch': '0.3797'}
{'loss': '0.323', 'grad_norm': '19.32', 'learning_rate': '1.748e-05', 'epoch': '0.5063'}
{'eval_loss': '1.054', 'eval_macro-F1': '0.6923', 'eval_runtime': '0.4529', 'eval_samples_per_second': '814.7', 'eval_steps_per_second': '103.8', 'epoch': '0.5063'}
{'loss': '0.3253', 'grad_norm': '40.17', 'learning_rate': '1.685e-05', 'epoch': '0.6329'}
{'eval_loss': '1.131', 'eval_macro-F1': '0.7089', 'eval_runtime': '0.4507', 'eval_samples_per_second': '818.7', 'eval_steps_per_second': '104.3', 'epoch': '0.6329'}
{'loss': '0.2284', 'grad_norm': '0.4082', 'learning_rate': '1.622e-05', 'epoch': '0.7595'}
{'eval_loss': '0.9452', 'eval_macro-F1': '0.7038', 'eval_runtime': '0.4514', 'eval_samples_per_second': '817.5', 'eval_steps_per_second': '104.1', 'epoch': '0.7595'}
{'loss': '0.166', 'grad_norm': '147.4', 'learning_rate': '1.558e-05', 'epoch': '0.8861'}
{'eval_loss': '1.351', 'eval_macro-F1': '0.6948', 'eval_runtime': '0.4412', 'eval_samples_per_second': '836.3', 'eval_steps_per_second': '106.5', 'epoch': '0.8861'}
{'loss': '0.289', 'grad_norm': '2.548', 'learning_rate': '1.495e-05', 'epoch': '1.013'}
{'eval_loss': '0.9571', 'eval_macro-F1': '0.7314', 'eval_runtime': '0.4318', 'eval_samples_per_second': '854.6', 'eval_steps_per_second': '108.8', 'epoch': '1.013'}
{'loss': '0.1591', 'grad_norm': '0.1598', 'learning_rate': '1.432e-05', 'epoch': '1.139'}
{'eval_loss': '1.004', 'eval_macro-F1': '0.759', 'eval_runtime': '0.4329', 'eval_samples_per_second': '852.4', 'eval_steps_per_second': '108.6', 'epoch': '1.139'}
{'loss': '0.2355', 'grad_norm': '0.08637', 'learning_rate': '1.368e-05', 'epoch': '1.266'}
{'eval_loss': '1.254', 'eval_macro-F1': '0.6881', 'eval_runtime': '0.4317', 'eval_samples_per_second': '854.7', 'eval_steps_per_second': '108.9', 'epoch': '1.266'}
{'loss': '0.1724', 'grad_norm': '27.09', 'learning_rate': '1.305e-05', 'epoch': '1.392'}
{'eval_loss': '1.389', 'eval_macro-F1': '0.7433', 'eval_runtime': '0.4298', 'eval_samples_per_second': '858.6', 'eval_steps_per_second': '109.4', 'epoch': '1.392'}
{'loss': '0.2257', 'grad_norm': '9.646', 'learning_rate': '1.242e-05', 'epoch': '1.519'}
{'eval_loss': '1.13', 'eval_macro-F1': '0.7288', 'eval_runtime': '0.4306', 'eval_samples_per_second': '856.9', 'eval_steps_per_second': '109.1', 'epoch': '1.519'}
{'loss': '0.1423', 'grad_norm': '0.04979', 'learning_rate': '1.178e-05', 'epoch': '1.646'}
{'eval_loss': '1.095', 'eval_macro-F1': '0.7583', 'eval_runtime': '0.4295', 'eval_samples_per_second': '859.2', 'eval_steps_per_second': '109.4', 'epoch': '1.646'}
{'loss': '0.08408', 'grad_norm': '0.02411', 'learning_rate': '1.115e-05', 'epoch': '1.772'}
{'eval_loss': '1.644', 'eval_macro-F1': '0.7382', 'eval_runtime': '0.4314', 'eval_samples_per_second': '855.3', 'eval_steps_per_second': '108.9', 'epoch': '1.772'}
{'loss': '0.2251', 'grad_norm': '5.414', 'learning_rate': '1.052e-05', 'epoch': '1.899'}
{'eval_loss': '1.149', 'eval_macro-F1': '0.7527', 'eval_runtime': '0.4291', 'eval_samples_per_second': '860', 'eval_steps_per_second': '109.5', 'epoch': '1.899'}
{'loss': '0.2277', 'grad_norm': '17.74', 'learning_rate': '9.886e-06', 'epoch': '2.025'}
{'eval_loss': '1.049', 'eval_macro-F1': '0.7831', 'eval_runtime': '0.4309', 'eval_samples_per_second': '856.4', 'eval_steps_per_second': '109.1', 'epoch': '2.025'}
{'loss': '0.08654', 'grad_norm': '0.03061', 'learning_rate': '9.253e-06', 'epoch': '2.152'}
{'eval_loss': '1.109', 'eval_macro-F1': '0.7642', 'eval_runtime': '0.4298', 'eval_samples_per_second': '858.5', 'eval_steps_per_second': '109.3', 'epoch': '2.152'}
{'loss': '0.07552', 'grad_norm': '0.03345', 'learning_rate': '8.62e-06', 'epoch': '2.278'}
{'eval_loss': '1.072', 'eval_macro-F1': '0.7606', 'eval_runtime': '0.4293', 'eval_samples_per_second': '859.6', 'eval_steps_per_second': '109.5', 'epoch': '2.278'}
{'loss': '0.05293', 'grad_norm': '0.02516', 'learning_rate': '7.987e-06', 'epoch': '2.405'}
{'eval_loss': '1.147', 'eval_macro-F1': '0.7622', 'eval_runtime': '0.4305', 'eval_samples_per_second': '857.1', 'eval_steps_per_second': '109.2', 'epoch': '2.405'}
{'loss': '0.04755', 'grad_norm': '0.02147', 'learning_rate': '7.354e-06', 'epoch': '2.532'}
{'eval_loss': '1.219', 'eval_macro-F1': '0.7805', 'eval_runtime': '0.4298', 'eval_samples_per_second': '858.6', 'eval_steps_per_second': '109.4', 'epoch': '2.532'}
{'loss': '0.1033', 'grad_norm': '0.02172', 'learning_rate': '6.722e-06', 'epoch': '2.658'}
{'eval_loss': '1.205', 'eval_macro-F1': '0.7938', 'eval_runtime': '0.4323', 'eval_samples_per_second': '853.6', 'eval_steps_per_second': '108.7', 'epoch': '2.658'}
{'loss': '0.05608', 'grad_norm': '0.02708', 'learning_rate': '6.089e-06', 'epoch': '2.785'}
{'eval_loss': '1.207', 'eval_macro-F1': '0.7874', 'eval_runtime': '0.4324', 'eval_samples_per_second': '853.4', 'eval_steps_per_second': '108.7', 'epoch': '2.785'}
{'loss': '0.1196', 'grad_norm': '14.32', 'learning_rate': '5.456e-06', 'epoch': '2.911'}
{'eval_loss': '1.109', 'eval_macro-F1': '0.7896', 'eval_runtime': '0.4321', 'eval_samples_per_second': '853.9', 'eval_steps_per_second': '108.8', 'epoch': '2.911'}
{'loss': '0.09764', 'grad_norm': '0.1115', 'learning_rate': '4.823e-06', 'epoch': '3.038'}
{'eval_loss': '1.163', 'eval_macro-F1': '0.7718', 'eval_runtime': '0.4303', 'eval_samples_per_second': '857.5', 'eval_steps_per_second': '109.2', 'epoch': '3.038'}
{'loss': '0.03402', 'grad_norm': '0.01255', 'learning_rate': '4.19e-06', 'epoch': '3.165'}
{'eval_loss': '1.258', 'eval_macro-F1': '0.7713', 'eval_runtime': '0.4307', 'eval_samples_per_second': '856.7', 'eval_steps_per_second': '109.1', 'epoch': '3.165'}
{'loss': '0.01899', 'grad_norm': '0.01516', 'learning_rate': '3.557e-06', 'epoch': '3.291'}
{'eval_loss': '1.228', 'eval_macro-F1': '0.7716', 'eval_runtime': '0.4294', 'eval_samples_per_second': '859.3', 'eval_steps_per_second': '109.4', 'epoch': '3.291'}
{'loss': '0.05272', 'grad_norm': '0.05254', 'learning_rate': '2.924e-06', 'epoch': '3.418'}
{'eval_loss': '1.214', 'eval_macro-F1': '0.7913', 'eval_runtime': '0.4306', 'eval_samples_per_second': '857', 'eval_steps_per_second': '109.2', 'epoch': '3.418'}
{'loss': '0.04351', 'grad_norm': '0.01459', 'learning_rate': '2.291e-06', 'epoch': '3.544'}
{'eval_loss': '1.222', 'eval_macro-F1': '0.796', 'eval_runtime': '0.4315', 'eval_samples_per_second': '855.1', 'eval_steps_per_second': '108.9', 'epoch': '3.544'}
{'loss': '0.01965', 'grad_norm': '0.008858', 'learning_rate': '1.658e-06', 'epoch': '3.671'}
{'eval_loss': '1.216', 'eval_macro-F1': '0.7913', 'eval_runtime': '0.4297', 'eval_samples_per_second': '858.8', 'eval_steps_per_second': '109.4', 'epoch': '3.671'}
{'loss': '0.04622', 'grad_norm': '0.02525', 'learning_rate': '1.025e-06', 'epoch': '3.797'}
{'eval_loss': '1.241', 'eval_macro-F1': '0.7882', 'eval_runtime': '0.4293', 'eval_samples_per_second': '859.5', 'eval_steps_per_second': '109.5', 'epoch': '3.797'}
{'loss': '0.001126', 'grad_norm': '0.009615', 'learning_rate': '3.924e-07', 'epoch': '3.924'}
{'eval_loss': '1.255', 'eval_macro-F1': '0.7882', 'eval_runtime': '0.4307', 'eval_samples_per_second': '856.7', 'eval_steps_per_second': '109.1', 'epoch': '3.924'}
{'train_runtime': '67.42', 'train_samples_per_second': '187.5', 'train_steps_per_second': '23.44', 'train_loss': '0.1697', 'epoch': '4'}
All random seeds set to 51 for reproducibility
All files successfully written to /sc/home/michele.marschner/project/beyondliteral_idiomaticity_detection_anlp_project/experiments/zero_shot__EN__previous_target_next_True_none_empty__mBERT__seed51
All experiments successfully run
