Thu Mar 19 09:21:14 2026       
+-----------------------------------------------------------------------------------------+
| NVIDIA-SMI 570.195.03             Driver Version: 570.195.03     CUDA Version: 12.8     |
|-----------------------------------------+------------------------+----------------------+
| GPU  Name                 Persistence-M | Bus-Id          Disp.A | Volatile Uncorr. ECC |
| Fan  Temp   Perf          Pwr:Usage/Cap |           Memory-Usage | GPU-Util  Compute M. |
|                                         |                        |               MIG M. |
|=========================================+========================+======================|
|   0  NVIDIA RTX PRO 6000 Blac...    Off |   00000000:D6:00.0 Off |                    0 |
| N/A   38C    P0             86W /  600W |       0MiB /  97887MiB |      0%      Default |
|                                         |                        |             Disabled |
+-----------------------------------------+------------------------+----------------------+
                                                                                         
+-----------------------------------------------------------------------------------------+
| Processes:                                                                              |
|  GPU   GI   CI              PID   Type   Process name                        GPU Memory |
|        ID   ID                                                               Usage      |
|=========================================================================================|
|  No running processes found                                                             |
+-----------------------------------------------------------------------------------------+
cuda available: True
device count: 1
[slurm] running task_id=11 of 36
All random seeds set to 51 for reproducibility
Model not found. Training...
All random seeds set to 51 for reproducibility
All random seeds set to 51 for reproducibility
{'loss': '0.6699', 'grad_norm': '5.74', 'learning_rate': '1.938e-05', 'epoch': '0.1266'}
{'eval_loss': '0.6223', 'eval_macro-F1': '0.6384', 'eval_runtime': '0.4575', 'eval_samples_per_second': '806.5', 'eval_steps_per_second': '102.7', 'epoch': '0.1266'}
{'loss': '0.4864', 'grad_norm': '5.64', 'learning_rate': '1.875e-05', 'epoch': '0.2532'}
{'eval_loss': '0.713', 'eval_macro-F1': '0.5411', 'eval_runtime': '0.4418', 'eval_samples_per_second': '835.3', 'eval_steps_per_second': '106.4', 'epoch': '0.2532'}
{'loss': '0.459', 'grad_norm': '8.931', 'learning_rate': '1.811e-05', 'epoch': '0.3797'}
{'eval_loss': '0.7287', 'eval_macro-F1': '0.685', 'eval_runtime': '0.436', 'eval_samples_per_second': '846.4', 'eval_steps_per_second': '107.8', 'epoch': '0.3797'}
{'loss': '0.3856', 'grad_norm': '8.195', 'learning_rate': '1.748e-05', 'epoch': '0.5063'}
{'eval_loss': '0.869', 'eval_macro-F1': '0.6785', 'eval_runtime': '0.4267', 'eval_samples_per_second': '864.7', 'eval_steps_per_second': '110.1', 'epoch': '0.5063'}
{'loss': '0.3794', 'grad_norm': '9.515', 'learning_rate': '1.685e-05', 'epoch': '0.6329'}
{'eval_loss': '0.7477', 'eval_macro-F1': '0.6199', 'eval_runtime': '0.4276', 'eval_samples_per_second': '862.9', 'eval_steps_per_second': '109.9', 'epoch': '0.6329'}
{'loss': '0.3321', 'grad_norm': '0.9545', 'learning_rate': '1.622e-05', 'epoch': '0.7595'}
{'eval_loss': '1.105', 'eval_macro-F1': '0.643', 'eval_runtime': '0.4293', 'eval_samples_per_second': '859.6', 'eval_steps_per_second': '109.5', 'epoch': '0.7595'}
{'loss': '0.2925', 'grad_norm': '1.495', 'learning_rate': '1.558e-05', 'epoch': '0.8861'}
{'eval_loss': '0.9048', 'eval_macro-F1': '0.668', 'eval_runtime': '0.429', 'eval_samples_per_second': '860.1', 'eval_steps_per_second': '109.6', 'epoch': '0.8861'}
{'loss': '0.272', 'grad_norm': '0.1456', 'learning_rate': '1.495e-05', 'epoch': '1.013'}
