Thu Mar 19 09:19:32 2026       
+-----------------------------------------------------------------------------------------+
| NVIDIA-SMI 570.195.03             Driver Version: 570.195.03     CUDA Version: 12.8     |
|-----------------------------------------+------------------------+----------------------+
| GPU  Name                 Persistence-M | Bus-Id          Disp.A | Volatile Uncorr. ECC |
| Fan  Temp   Perf          Pwr:Usage/Cap |           Memory-Usage | GPU-Util  Compute M. |
|                                         |                        |               MIG M. |
|=========================================+========================+======================|
|   0  NVIDIA RTX PRO 6000 Blac...    Off |   00000000:AE:00.0 Off |                    0 |
| N/A   28C    P8             30W /  600W |       0MiB /  97887MiB |      0%      Default |
|                                         |                        |             Disabled |
+-----------------------------------------+------------------------+----------------------+
                                                                                         
+-----------------------------------------------------------------------------------------+
| Processes:                                                                              |
|  GPU   GI   CI              PID   Type   Process name                        GPU Memory |
|        ID   ID                                                               Usage      |
|=========================================================================================|
|  No running processes found                                                             |
+-----------------------------------------------------------------------------------------+
cuda available: True
device count: 1
[slurm] running task_id=0 of 36
All random seeds set to 51 for reproducibility
Model not found. Training...

All random seeds set to 51 for reproducibility
0.9
learning_rate 0.1
num_iterations 5000
lambda_reg 0.0
All random seeds set to 51 for reproducibility
Iteration 0: train 0.693147 | dev 0.693270
Iteration 20: train 0.692464 | dev 0.695169
Iteration 40: train 0.691859 | dev 0.696271
Iteration 60: train 0.691283 | dev 0.696881
Iteration 80: train 0.690718 | dev 0.697191
Iteration 100: train 0.690157 | dev 0.697319
Iteration 120: train 0.689599 | dev 0.697339
Iteration 140: train 0.689042 | dev 0.697293
Iteration 160: train 0.688486 | dev 0.697209
Iteration 180: train 0.687931 | dev 0.697101
Iteration 200: train 0.687378 | dev 0.696980
Iteration 220: train 0.686825 | dev 0.696851
Iteration 240: train 0.686273 | dev 0.696717
Iteration 260: train 0.685722 | dev 0.696580
Iteration 280: train 0.685172 | dev 0.696442
Iteration 300: train 0.684623 | dev 0.696303
Iteration 320: train 0.684075 | dev 0.696164
Iteration 340: train 0.683528 | dev 0.696025
Iteration 360: train 0.682982 | dev 0.695887
Iteration 380: train 0.682436 | dev 0.695748
Iteration 400: train 0.681892 | dev 0.695609
Iteration 420: train 0.681349 | dev 0.695471
Iteration 440: train 0.680806 | dev 0.695333
Iteration 460: train 0.680265 | dev 0.695196
Iteration 480: train 0.679724 | dev 0.695059
Iteration 500: train 0.679185 | dev 0.694922
Iteration 520: train 0.678646 | dev 0.694785
Iteration 540: train 0.678108 | dev 0.694649
Iteration 560: train 0.677571 | dev 0.694513
Iteration 580: train 0.677036 | dev 0.694377
Iteration 600: train 0.676501 | dev 0.694242
Iteration 620: train 0.675966 | dev 0.694107
Iteration 640: train 0.675433 | dev 0.693973
Iteration 660: train 0.674901 | dev 0.693838
Iteration 680: train 0.674370 | dev 0.693704
Iteration 700: train 0.673839 | dev 0.693571
Iteration 720: train 0.673310 | dev 0.693437
Iteration 740: train 0.672781 | dev 0.693304
Iteration 760: train 0.672254 | dev 0.693172
Iteration 780: train 0.671727 | dev 0.693039
Iteration 800: train 0.671201 | dev 0.692907
Iteration 820: train 0.670676 | dev 0.692776
Iteration 840: train 0.670152 | dev 0.692644
Iteration 860: train 0.669628 | dev 0.692513
Iteration 880: train 0.669106 | dev 0.692383
Iteration 900: train 0.668585 | dev 0.692252
Iteration 920: train 0.668064 | dev 0.692122
Iteration 940: train 0.667545 | dev 0.691992
Iteration 960: train 0.667026 | dev 0.691863
Iteration 980: train 0.666508 | dev 0.691734
Iteration 1000: train 0.665991 | dev 0.691605
Iteration 1020: train 0.665475 | dev 0.691476
Iteration 1040: train 0.664960 | dev 0.691348
Iteration 1060: train 0.664445 | dev 0.691220
Iteration 1080: train 0.663932 | dev 0.691092
Iteration 1100: train 0.663419 | dev 0.690965
Iteration 1120: train 0.662907 | dev 0.690838
Iteration 1140: train 0.662396 | dev 0.690711
Iteration 1160: train 0.661886 | dev 0.690585
Iteration 1180: train 0.661377 | dev 0.690459
Iteration 1200: train 0.660869 | dev 0.690333
Iteration 1220: train 0.660362 | dev 0.690208
Iteration 1240: train 0.659855 | dev 0.690082
Iteration 1260: train 0.659349 | dev 0.689957
Iteration 1280: train 0.658844 | dev 0.689833
Iteration 1300: train 0.658340 | dev 0.689709
Iteration 1320: train 0.657837 | dev 0.689585
Iteration 1340: train 0.657335 | dev 0.689461
Iteration 1360: train 0.656833 | dev 0.689338
Iteration 1380: train 0.656333 | dev 0.689214
Iteration 1400: train 0.655833 | dev 0.689092
Iteration 1420: train 0.655334 | dev 0.688969
Iteration 1440: train 0.654836 | dev 0.688847
Iteration 1460: train 0.654339 | dev 0.688725
Iteration 1480: train 0.653842 | dev 0.688603
Iteration 1500: train 0.653347 | dev 0.688482
Iteration 1520: train 0.652852 | dev 0.688361
Iteration 1540: train 0.652358 | dev 0.688240
Iteration 1560: train 0.651865 | dev 0.688120
Iteration 1580: train 0.651373 | dev 0.688000
Iteration 1600: train 0.650881 | dev 0.687880
Iteration 1620: train 0.650390 | dev 0.687760
Iteration 1640: train 0.649901 | dev 0.687641
Iteration 1660: train 0.649412 | dev 0.687522
Iteration 1680: train 0.648924 | dev 0.687403
Iteration 1700: train 0.648436 | dev 0.687285
Iteration 1720: train 0.647950 | dev 0.687167
Iteration 1740: train 0.647464 | dev 0.687049
Iteration 1760: train 0.646979 | dev 0.686931
Iteration 1780: train 0.646495 | dev 0.686814
Iteration 1800: train 0.646012 | dev 0.686697
Iteration 1820: train 0.645529 | dev 0.686580
Iteration 1840: train 0.645047 | dev 0.686464
Iteration 1860: train 0.644566 | dev 0.686347
Iteration 1880: train 0.644086 | dev 0.686232
Iteration 1900: train 0.643607 | dev 0.686116
Iteration 1920: train 0.643129 | dev 0.686001
Iteration 1940: train 0.642651 | dev 0.685885
Iteration 1960: train 0.642174 | dev 0.685771
Iteration 1980: train 0.641698 | dev 0.685656
Iteration 2000: train 0.641222 | dev 0.685542
Iteration 2020: train 0.640748 | dev 0.685428
Iteration 2040: train 0.640274 | dev 0.685314
Iteration 2060: train 0.639801 | dev 0.685201
Iteration 2080: train 0.639329 | dev 0.685088
Iteration 2100: train 0.638858 | dev 0.684975
Iteration 2120: train 0.638387 | dev 0.684862
Iteration 2140: train 0.637917 | dev 0.684750
Iteration 2160: train 0.637448 | dev 0.684638
Iteration 2180: train 0.636980 | dev 0.684526
Iteration 2200: train 0.636512 | dev 0.684414
Iteration 2220: train 0.636045 | dev 0.684303
Iteration 2240: train 0.635579 | dev 0.684192
Iteration 2260: train 0.635114 | dev 0.684081
Iteration 2280: train 0.634650 | dev 0.683971
Iteration 2300: train 0.634186 | dev 0.683860
Iteration 2320: train 0.633723 | dev 0.683750
Iteration 2340: train 0.633261 | dev 0.683641
Iteration 2360: train 0.632799 | dev 0.683531
Iteration 2380: train 0.632339 | dev 0.683422
Iteration 2400: train 0.631879 | dev 0.683313
Iteration 2420: train 0.631419 | dev 0.683204
Iteration 2440: train 0.630961 | dev 0.683096
Iteration 2460: train 0.630503 | dev 0.682988
Iteration 2480: train 0.630046 | dev 0.682880
Iteration 2500: train 0.629590 | dev 0.682772
Iteration 2520: train 0.629135 | dev 0.682665
Iteration 2540: train 0.628680 | dev 0.682558
Iteration 2560: train 0.628226 | dev 0.682451
Iteration 2580: train 0.627773 | dev 0.682344
Iteration 2600: train 0.627320 | dev 0.682238
Iteration 2620: train 0.626869 | dev 0.682132
Iteration 2640: train 0.626418 | dev 0.682026
Iteration 2660: train 0.625967 | dev 0.681920
Iteration 2680: train 0.625518 | dev 0.681815
Iteration 2700: train 0.625069 | dev 0.681710
Iteration 2720: train 0.624621 | dev 0.681605
Iteration 2740: train 0.624174 | dev 0.681500
Iteration 2760: train 0.623727 | dev 0.681396
Iteration 2780: train 0.623281 | dev 0.681292
Iteration 2800: train 0.622836 | dev 0.681188
Iteration 2820: train 0.622392 | dev 0.681084
Iteration 2840: train 0.621948 | dev 0.680981
Iteration 2860: train 0.621505 | dev 0.680878
Iteration 2880: train 0.621062 | dev 0.680775
Iteration 2900: train 0.620621 | dev 0.680672
Iteration 2920: train 0.620180 | dev 0.680570
Iteration 2940: train 0.619740 | dev 0.680468
Iteration 2960: train 0.619300 | dev 0.680366
Iteration 2980: train 0.618862 | dev 0.680264
Iteration 3000: train 0.618423 | dev 0.680162
Iteration 3020: train 0.617986 | dev 0.680061
Iteration 3040: train 0.617549 | dev 0.679960
Iteration 3060: train 0.617114 | dev 0.679860
Iteration 3080: train 0.616678 | dev 0.679759
Iteration 3100: train 0.616244 | dev 0.679659
Iteration 3120: train 0.615810 | dev 0.679559
Iteration 3140: train 0.615377 | dev 0.679459
Iteration 3160: train 0.614944 | dev 0.679359
Iteration 3180: train 0.614512 | dev 0.679260
Iteration 3200: train 0.614081 | dev 0.679161
Iteration 3220: train 0.613651 | dev 0.679062
Iteration 3240: train 0.613221 | dev 0.678964
Iteration 3260: train 0.612792 | dev 0.678865
Iteration 3280: train 0.612364 | dev 0.678767
Iteration 3300: train 0.611936 | dev 0.678669
Iteration 3320: train 0.611509 | dev 0.678571
Iteration 3340: train 0.611083 | dev 0.678474
Iteration 3360: train 0.610657 | dev 0.678377
Iteration 3380: train 0.610232 | dev 0.678280
Iteration 3400: train 0.609808 | dev 0.678183
Iteration 3420: train 0.609385 | dev 0.678086
Iteration 3440: train 0.608962 | dev 0.677990
Iteration 3460: train 0.608539 | dev 0.677894
Iteration 3480: train 0.608118 | dev 0.677798
Iteration 3500: train 0.607697 | dev 0.677702
Iteration 3520: train 0.607277 | dev 0.677607
Iteration 3540: train 0.606857 | dev 0.677512
Iteration 3560: train 0.606438 | dev 0.677417
Iteration 3580: train 0.606020 | dev 0.677322
Iteration 3600: train 0.605602 | dev 0.677227
Iteration 3620: train 0.605185 | dev 0.677133
Iteration 3640: train 0.604769 | dev 0.677039
Iteration 3660: train 0.604353 | dev 0.676945
Iteration 3680: train 0.603938 | dev 0.676851
Iteration 3700: train 0.603524 | dev 0.676758
Iteration 3720: train 0.603110 | dev 0.676665
Iteration 3740: train 0.602697 | dev 0.676572
Iteration 3760: train 0.602285 | dev 0.676479
Iteration 3780: train 0.601873 | dev 0.676386
Iteration 3800: train 0.601462 | dev 0.676294
Iteration 3820: train 0.601052 | dev 0.676202
Iteration 3840: train 0.600642 | dev 0.676110
Iteration 3860: train 0.600233 | dev 0.676018
Iteration 3880: train 0.599824 | dev 0.675927
Iteration 3900: train 0.599416 | dev 0.675835
Iteration 3920: train 0.599009 | dev 0.675744
Iteration 3940: train 0.598603 | dev 0.675654
Iteration 3960: train 0.598197 | dev 0.675563
Iteration 3980: train 0.597791 | dev 0.675472
Iteration 4000: train 0.597387 | dev 0.675382
Iteration 4020: train 0.596983 | dev 0.675292
Iteration 4040: train 0.596579 | dev 0.675202
Iteration 4060: train 0.596176 | dev 0.675113
Iteration 4080: train 0.595774 | dev 0.675023
Iteration 4100: train 0.595373 | dev 0.674934
Iteration 4120: train 0.594972 | dev 0.674845
Iteration 4140: train 0.594571 | dev 0.674756
Iteration 4160: train 0.594172 | dev 0.674668
Iteration 4180: train 0.593772 | dev 0.674580
Iteration 4200: train 0.593374 | dev 0.674491
Iteration 4220: train 0.592976 | dev 0.674403
Iteration 4240: train 0.592579 | dev 0.674316
Iteration 4260: train 0.592182 | dev 0.674228
Iteration 4280: train 0.591786 | dev 0.674141
Iteration 4300: train 0.591391 | dev 0.674054
Iteration 4320: train 0.590996 | dev 0.673967
Iteration 4340: train 0.590602 | dev 0.673880
Iteration 4360: train 0.590208 | dev 0.673793
Iteration 4380: train 0.589815 | dev 0.673707
Iteration 4400: train 0.589423 | dev 0.673621
Iteration 4420: train 0.589031 | dev 0.673535
Iteration 4440: train 0.588640 | dev 0.673449
Iteration 4460: train 0.588250 | dev 0.673364
Iteration 4480: train 0.587860 | dev 0.673278
Iteration 4500: train 0.587470 | dev 0.673193
Iteration 4520: train 0.587081 | dev 0.673108
Iteration 4540: train 0.586693 | dev 0.673024
Iteration 4560: train 0.586306 | dev 0.672939
Iteration 4580: train 0.585919 | dev 0.672855
Iteration 4600: train 0.585532 | dev 0.672770
Iteration 4620: train 0.585146 | dev 0.672686
Iteration 4640: train 0.584761 | dev 0.672603
Iteration 4660: train 0.584377 | dev 0.672519
Iteration 4680: train 0.583993 | dev 0.672436
Iteration 4700: train 0.583609 | dev 0.672352
Iteration 4720: train 0.583226 | dev 0.672269
Iteration 4740: train 0.582844 | dev 0.672187
Iteration 4760: train 0.582462 | dev 0.672104
Iteration 4780: train 0.582081 | dev 0.672022
Iteration 4800: train 0.581701 | dev 0.671939
Iteration 4820: train 0.581321 | dev 0.671857
Iteration 4840: train 0.580941 | dev 0.671775
Iteration 4860: train 0.580562 | dev 0.671694
Iteration 4880: train 0.580184 | dev 0.671612
Iteration 4900: train 0.579806 | dev 0.671531
Iteration 4920: train 0.579429 | dev 0.671450
Iteration 4940: train 0.579053 | dev 0.671369
Iteration 4960: train 0.578677 | dev 0.671288
Iteration 4980: train 0.578301 | dev 0.671207
[tune] 1/1 (100.0%)
All random seeds set to 51 for reproducibility
0.9
All files successfully written to /sc/home/michele.marschner/project/beyondliteral_idiomaticity_detection_anlp_project/experiments/zero_shot__EN__previous_target_next_True_none_empty__logreg_tfidf__seed51
All experiments successfully run
