Thu Mar 19 09:19:32 2026       
+-----------------------------------------------------------------------------------------+
| NVIDIA-SMI 570.195.03             Driver Version: 570.195.03     CUDA Version: 12.8     |
|-----------------------------------------+------------------------+----------------------+
| GPU  Name                 Persistence-M | Bus-Id          Disp.A | Volatile Uncorr. ECC |
| Fan  Temp   Perf          Pwr:Usage/Cap |           Memory-Usage | GPU-Util  Compute M. |
|                                         |                        |               MIG M. |
|=========================================+========================+======================|
|   0  NVIDIA RTX PRO 6000 Blac...    Off |   00000000:B0:00.0 Off |                    0 |
| N/A   29C    P8             30W /  600W |       0MiB /  97887MiB |      0%      Default |
|                                         |                        |             Disabled |
+-----------------------------------------+------------------------+----------------------+
                                                                                         
+-----------------------------------------------------------------------------------------+
| Processes:                                                                              |
|  GPU   GI   CI              PID   Type   Process name                        GPU Memory |
|        ID   ID                                                               Usage      |
|=========================================================================================|
|  No running processes found                                                             |
+-----------------------------------------------------------------------------------------+
cuda available: True
device count: 1
[slurm] running task_id=5 of 36
All random seeds set to 51 for reproducibility
Model not found. Training...
All random seeds set to 51 for reproducibility
All random seeds set to 51 for reproducibility
{'loss': '0.6729', 'grad_norm': '3.636', 'learning_rate': '1.938e-05', 'epoch': '0.1266'}
{'eval_loss': '0.6251', 'eval_macro-F1': '0.5679', 'eval_runtime': '0.4372', 'eval_samples_per_second': '843.9', 'eval_steps_per_second': '107.5', 'epoch': '0.1266'}
{'loss': '0.5054', 'grad_norm': '9.968', 'learning_rate': '1.875e-05', 'epoch': '0.2532'}
{'eval_loss': '0.5859', 'eval_macro-F1': '0.6449', 'eval_runtime': '0.429', 'eval_samples_per_second': '860.1', 'eval_steps_per_second': '109.5', 'epoch': '0.2532'}
{'loss': '0.4414', 'grad_norm': '11.06', 'learning_rate': '1.811e-05', 'epoch': '0.3797'}
{'eval_loss': '0.6396', 'eval_macro-F1': '0.6689', 'eval_runtime': '0.4284', 'eval_samples_per_second': '861.2', 'eval_steps_per_second': '109.7', 'epoch': '0.3797'}
{'loss': '0.3766', 'grad_norm': '5.19', 'learning_rate': '1.748e-05', 'epoch': '0.5063'}
{'eval_loss': '0.6527', 'eval_macro-F1': '0.7105', 'eval_runtime': '0.4278', 'eval_samples_per_second': '862.5', 'eval_steps_per_second': '109.9', 'epoch': '0.5063'}
{'loss': '0.2868', 'grad_norm': '1.232', 'learning_rate': '1.685e-05', 'epoch': '0.6329'}
{'eval_loss': '0.9682', 'eval_macro-F1': '0.7309', 'eval_runtime': '0.4247', 'eval_samples_per_second': '868.8', 'eval_steps_per_second': '110.7', 'epoch': '0.6329'}
{'loss': '0.2808', 'grad_norm': '0.3487', 'learning_rate': '1.622e-05', 'epoch': '0.7595'}
{'eval_loss': '1.049', 'eval_macro-F1': '0.6974', 'eval_runtime': '0.4163', 'eval_samples_per_second': '886.4', 'eval_steps_per_second': '112.9', 'epoch': '0.7595'}
{'loss': '0.2625', 'grad_norm': '15.47', 'learning_rate': '1.558e-05', 'epoch': '0.8861'}
{'eval_loss': '0.9786', 'eval_macro-F1': '0.7114', 'eval_runtime': '0.4154', 'eval_samples_per_second': '888.3', 'eval_steps_per_second': '113.1', 'epoch': '0.8861'}
{'loss': '0.2929', 'grad_norm': '0.2665', 'learning_rate': '1.495e-05', 'epoch': '1.013'}
{'eval_loss': '0.7663', 'eval_macro-F1': '0.7604', 'eval_runtime': '0.4161', 'eval_samples_per_second': '886.9', 'eval_steps_per_second': '113', 'epoch': '1.013'}
{'loss': '0.1915', 'grad_norm': '0.1913', 'learning_rate': '1.432e-05', 'epoch': '1.139'}
{'eval_loss': '1.554', 'eval_macro-F1': '0.6557', 'eval_runtime': '0.4136', 'eval_samples_per_second': '892.2', 'eval_steps_per_second': '113.6', 'epoch': '1.139'}
{'loss': '0.2292', 'grad_norm': '0.1412', 'learning_rate': '1.368e-05', 'epoch': '1.266'}
{'eval_loss': '1.222', 'eval_macro-F1': '0.7092', 'eval_runtime': '0.4133', 'eval_samples_per_second': '892.8', 'eval_steps_per_second': '113.7', 'epoch': '1.266'}
{'loss': '0.1521', 'grad_norm': '6.777', 'learning_rate': '1.305e-05', 'epoch': '1.392'}
{'eval_loss': '1.566', 'eval_macro-F1': '0.6923', 'eval_runtime': '0.4158', 'eval_samples_per_second': '887.5', 'eval_steps_per_second': '113', 'epoch': '1.392'}
{'loss': '0.1774', 'grad_norm': '0.2865', 'learning_rate': '1.242e-05', 'epoch': '1.519'}
{'eval_loss': '1.268', 'eval_macro-F1': '0.7156', 'eval_runtime': '0.4149', 'eval_samples_per_second': '889.4', 'eval_steps_per_second': '113.3', 'epoch': '1.519'}
{'loss': '0.156', 'grad_norm': '80.41', 'learning_rate': '1.178e-05', 'epoch': '1.646'}
{'eval_loss': '1.549', 'eval_macro-F1': '0.6866', 'eval_runtime': '0.4131', 'eval_samples_per_second': '893.3', 'eval_steps_per_second': '113.8', 'epoch': '1.646'}
{'loss': '0.1365', 'grad_norm': '36.52', 'learning_rate': '1.115e-05', 'epoch': '1.772'}
{'eval_loss': '1.605', 'eval_macro-F1': '0.6669', 'eval_runtime': '0.4138', 'eval_samples_per_second': '891.8', 'eval_steps_per_second': '113.6', 'epoch': '1.772'}
{'loss': '0.2598', 'grad_norm': '29.95', 'learning_rate': '1.052e-05', 'epoch': '1.899'}
{'eval_loss': '1.285', 'eval_macro-F1': '0.6987', 'eval_runtime': '0.4132', 'eval_samples_per_second': '893', 'eval_steps_per_second': '113.7', 'epoch': '1.899'}
{'loss': '0.138', 'grad_norm': '6.791', 'learning_rate': '9.886e-06', 'epoch': '2.025'}
{'eval_loss': '1.464', 'eval_macro-F1': '0.6963', 'eval_runtime': '0.413', 'eval_samples_per_second': '893.4', 'eval_steps_per_second': '113.8', 'epoch': '2.025'}
{'loss': '0.1091', 'grad_norm': '0.06837', 'learning_rate': '9.253e-06', 'epoch': '2.152'}
{'eval_loss': '1.404', 'eval_macro-F1': '0.7246', 'eval_runtime': '0.4128', 'eval_samples_per_second': '893.9', 'eval_steps_per_second': '113.9', 'epoch': '2.152'}
{'loss': '0.09387', 'grad_norm': '0.07723', 'learning_rate': '8.62e-06', 'epoch': '2.278'}
{'eval_loss': '1.565', 'eval_macro-F1': '0.6939', 'eval_runtime': '0.4127', 'eval_samples_per_second': '894.1', 'eval_steps_per_second': '113.9', 'epoch': '2.278'}
{'loss': '0.09044', 'grad_norm': '0.02851', 'learning_rate': '7.987e-06', 'epoch': '2.405'}
{'eval_loss': '1.721', 'eval_macro-F1': '0.695', 'eval_runtime': '0.4122', 'eval_samples_per_second': '895.1', 'eval_steps_per_second': '114', 'epoch': '2.405'}
{'loss': '0.03945', 'grad_norm': '0.01688', 'learning_rate': '7.354e-06', 'epoch': '2.532'}
{'eval_loss': '1.718', 'eval_macro-F1': '0.7148', 'eval_runtime': '0.4127', 'eval_samples_per_second': '894.1', 'eval_steps_per_second': '113.9', 'epoch': '2.532'}
{'loss': '0.1156', 'grad_norm': '0.05779', 'learning_rate': '6.722e-06', 'epoch': '2.658'}
{'eval_loss': '1.564', 'eval_macro-F1': '0.7352', 'eval_runtime': '0.4139', 'eval_samples_per_second': '891.5', 'eval_steps_per_second': '113.6', 'epoch': '2.658'}
{'loss': '0.07552', 'grad_norm': '0.1342', 'learning_rate': '6.089e-06', 'epoch': '2.785'}
{'eval_loss': '1.426', 'eval_macro-F1': '0.7367', 'eval_runtime': '0.4133', 'eval_samples_per_second': '892.7', 'eval_steps_per_second': '113.7', 'epoch': '2.785'}
{'loss': '0.09267', 'grad_norm': '0.1799', 'learning_rate': '5.456e-06', 'epoch': '2.911'}
{'eval_loss': '1.363', 'eval_macro-F1': '0.7328', 'eval_runtime': '0.4131', 'eval_samples_per_second': '893.2', 'eval_steps_per_second': '113.8', 'epoch': '2.911'}
{'loss': '0.09445', 'grad_norm': '20.85', 'learning_rate': '4.823e-06', 'epoch': '3.038'}
{'eval_loss': '1.584', 'eval_macro-F1': '0.7088', 'eval_runtime': '0.4128', 'eval_samples_per_second': '893.9', 'eval_steps_per_second': '113.9', 'epoch': '3.038'}
{'loss': '0.01536', 'grad_norm': '0.01542', 'learning_rate': '4.19e-06', 'epoch': '3.165'}
{'eval_loss': '1.679', 'eval_macro-F1': '0.7081', 'eval_runtime': '0.413', 'eval_samples_per_second': '893.5', 'eval_steps_per_second': '113.8', 'epoch': '3.165'}
{'loss': '0.1032', 'grad_norm': '0.06414', 'learning_rate': '3.557e-06', 'epoch': '3.291'}
{'eval_loss': '1.478', 'eval_macro-F1': '0.728', 'eval_runtime': '0.4126', 'eval_samples_per_second': '894.3', 'eval_steps_per_second': '113.9', 'epoch': '3.291'}
{'loss': '0.02588', 'grad_norm': '0.1434', 'learning_rate': '2.924e-06', 'epoch': '3.418'}
{'eval_loss': '1.654', 'eval_macro-F1': '0.717', 'eval_runtime': '0.4124', 'eval_samples_per_second': '894.8', 'eval_steps_per_second': '114', 'epoch': '3.418'}
{'loss': '0.04144', 'grad_norm': '4.752', 'learning_rate': '2.291e-06', 'epoch': '3.544'}
{'eval_loss': '1.63', 'eval_macro-F1': '0.7295', 'eval_runtime': '0.4129', 'eval_samples_per_second': '893.8', 'eval_steps_per_second': '113.8', 'epoch': '3.544'}
{'loss': '0.02743', 'grad_norm': '0.01422', 'learning_rate': '1.658e-06', 'epoch': '3.671'}
{'eval_loss': '1.659', 'eval_macro-F1': '0.7247', 'eval_runtime': '0.413', 'eval_samples_per_second': '893.5', 'eval_steps_per_second': '113.8', 'epoch': '3.671'}
{'loss': '0.04776', 'grad_norm': '14.15', 'learning_rate': '1.025e-06', 'epoch': '3.797'}
{'eval_loss': '1.586', 'eval_macro-F1': '0.7349', 'eval_runtime': '0.4131', 'eval_samples_per_second': '893.3', 'eval_steps_per_second': '113.8', 'epoch': '3.797'}
{'loss': '0.03973', 'grad_norm': '0.01846', 'learning_rate': '3.924e-07', 'epoch': '3.924'}
{'eval_loss': '1.648', 'eval_macro-F1': '0.727', 'eval_runtime': '0.413', 'eval_samples_per_second': '893.4', 'eval_steps_per_second': '113.8', 'epoch': '3.924'}
{'train_runtime': '66.34', 'train_samples_per_second': '190.5', 'train_steps_per_second': '23.82', 'train_loss': '0.1766', 'epoch': '4'}
All random seeds set to 51 for reproducibility
All files successfully written to /sc/home/michele.marschner/project/beyondliteral_idiomaticity_detection_anlp_project/experiments/zero_shot__EN__previous_target_next_True_none_glosses__mBERT__seed51
All experiments successfully run
